{"total": {"lines":{"total":33,"covered":7,"skipped":0,"pct":21.21},"statements":{"total":35,"covered":7,"skipped":0,"pct":20},"functions":{"total":9,"covered":1,"skipped":0,"pct":11.11},"branches":{"total":10,"covered":1,"skipped":0,"pct":10},"branchesTrue":{"total":0,"covered":0,"skipped":0,"pct":"Unknown"}}
,"/usr/workspace/_kyleryu-fixtures/vuln-critical-scraper/src/index.js": {"lines":{"total":33,"covered":7,"skipped":0,"pct":21.21},"functions":{"total":9,"covered":1,"skipped":0,"pct":11.11},"statements":{"total":35,"covered":7,"skipped":0,"pct":20},"branches":{"total":10,"covered":1,"skipped":0,"pct":10}}
}
