TN:
SF:src/index.js
FN:8,parseArgs
FN:12,mergeConfig
FN:17,loadConfig
FN:21,scrape
FN:26,extractLinks
FN:36,normalizeUrl
FN:40,dedupe
FN:44,crawl
FN:73,(anonymous_8)
FNF:9
FNH:1
FNDA:0,parseArgs
FNDA:0,mergeConfig
FNDA:0,loadConfig
FNDA:0,scrape
FNDA:0,extractLinks
FNDA:1,normalizeUrl
FNDA:0,dedupe
FNDA:0,crawl
FNDA:0,(anonymous_8)
DA:3,1
DA:4,1
DA:5,1
DA:6,1
DA:9,0
DA:14,0
DA:18,0
DA:22,0
DA:23,0
DA:27,0
DA:28,0
DA:30,0
DA:31,0
DA:33,0
DA:37,1
DA:41,0
DA:45,0
DA:46,0
DA:47,0
DA:48,0
DA:49,0
DA:50,0
DA:51,0
DA:52,0
DA:53,0
DA:54,0
DA:55,0
DA:57,0
DA:60,1
DA:71,1
DA:72,0
DA:73,0
DA:74,0
LF:33
LH:7
BRDA:50,0,0,0
BRDA:50,0,1,0
BRDA:50,1,0,0
BRDA:50,1,1,0
BRDA:71,2,0,0
BRDA:71,2,1,1
BRDA:73,3,0,0
BRDA:73,3,1,0
BRDA:73,4,0,0
BRDA:73,4,1,0
BRF:10
BRH:1
end_of_record
