TN:
SF:src/index.js
FN:6,parseArgs
FN:10,mergeConfig
FN:15,loadConfig
FN:19,scrape
FN:24,extractLinks
FN:35,normalizeUrl
FN:39,dedupe
FN:43,crawl
FNF:8
FNH:1
FNDA:0,parseArgs
FNDA:0,mergeConfig
FNDA:0,loadConfig
FNDA:0,scrape
FNDA:0,extractLinks
FNDA:1,normalizeUrl
FNDA:0,dedupe
FNDA:0,crawl
DA:6,0
DA:7,0
DA:10,0
DA:11,0
DA:15,0
DA:16,0
DA:19,0
DA:20,0
DA:21,0
DA:24,0
DA:25,0
DA:26,0
DA:27,0
DA:28,0
DA:29,0
DA:35,1
DA:36,1
DA:39,0
DA:40,0
DA:43,0
DA:44,0
DA:45,0
DA:46,0
DA:47,0
DA:48,0
DA:49,0
DA:50,0
DA:51,0
DA:52,0
DA:53,0
DA:54,0
DA:55,0
LF:31
LH:2
BRF:6
BRH:0
end_of_record
